<?xml version="1.0" encoding="UTF-8"?>
<testng-results skipped="0" failed="0" ignored="0" total="1" passed="1">
  <reporter-output>
  </reporter-output>
  <suite name="All Test Suite" duration-ms="7559" started-at="2023-05-12T06:12:49Z" finished-at="2023-05-12T06:12:57Z">
    <groups>
    </groups>
    <test name="D:/Work/AT19_MavenProject" duration-ms="7559" started-at="2023-05-12T06:12:49Z" finished-at="2023-05-12T06:12:57Z">
      <class name="test.TC_Login">
        <test-method status="PASS" signature="initBrowser(java.lang.String)[pri:0, instance:test.TC_Login@366e2eef]" name="initBrowser" is-config="true" duration-ms="2356" started-at="2023-05-12T06:12:49Z" finished-at="2023-05-12T06:12:52Z">
          <params>
            <param index="0">
              <value>
                <![CDATA[Chrome]]>
              </value>
            </param>
          </params>
          <reporter-output>
          </reporter-output>
        </test-method> <!-- initBrowser -->
        <test-method status="PASS" signature="openBrowser()[pri:0, instance:test.TC_Login@366e2eef]" name="openBrowser" is-config="true" duration-ms="3038" started-at="2023-05-12T06:12:52Z" finished-at="2023-05-12T06:12:55Z">
          <reporter-output>
          </reporter-output>
        </test-method> <!-- openBrowser -->
        <test-method status="PASS" signature="TC_01_Login()[pri:0, instance:test.TC_Login@366e2eef]" name="TC_01_Login" duration-ms="1522" started-at="2023-05-12T06:12:55Z" finished-at="2023-05-12T06:12:56Z">
          <reporter-output>
          </reporter-output>
        </test-method> <!-- TC_01_Login -->
        <test-method status="PASS" signature="tearDown()[pri:0, instance:test.TC_Login@366e2eef]" name="tearDown" is-config="true" duration-ms="628" started-at="2023-05-12T06:12:56Z" finished-at="2023-05-12T06:12:57Z">
          <reporter-output>
          </reporter-output>
        </test-method> <!-- tearDown -->
      </class> <!-- test.TC_Login -->
    </test> <!-- D:/Work/AT19_MavenProject -->
  </suite> <!-- All Test Suite -->
</testng-results>
