<?xml version="1.0" encoding="UTF-8"?>
<testng-results skipped="0" failed="0" ignored="0" total="1" passed="1">
  <reporter-output>
  </reporter-output>
  <suite name="All Test Suite" duration-ms="9798" started-at="2023-05-12T06:02:53Z" finished-at="2023-05-12T06:03:03Z">
    <groups>
    </groups>
    <test name="D:/Work/AT19_MavenProject" duration-ms="9798" started-at="2023-05-12T06:02:53Z" finished-at="2023-05-12T06:03:03Z">
      <class name="test.TC_Login">
        <test-method status="PASS" signature="initBrowser(java.lang.String)[pri:0, instance:test.TC_Login@1e643faf]" name="initBrowser" is-config="true" duration-ms="3153" started-at="2023-05-12T06:02:53Z" finished-at="2023-05-12T06:02:57Z">
          <params>
            <param index="0">
              <value>
                <![CDATA[Chrome]]>
              </value>
            </param>
          </params>
          <reporter-output>
          </reporter-output>
        </test-method> <!-- initBrowser -->
        <test-method status="PASS" signature="openBrowser()[pri:0, instance:test.TC_Login@1e643faf]" name="openBrowser" is-config="true" duration-ms="3371" started-at="2023-05-12T06:02:57Z" finished-at="2023-05-12T06:03:00Z">
          <reporter-output>
          </reporter-output>
        </test-method> <!-- openBrowser -->
        <test-method status="PASS" signature="TC_01_Login()[pri:0, instance:test.TC_Login@1e643faf]" name="TC_01_Login" duration-ms="2598" started-at="2023-05-12T06:03:00Z" finished-at="2023-05-12T06:03:03Z">
          <reporter-output>
          </reporter-output>
        </test-method> <!-- TC_01_Login -->
        <test-method status="PASS" signature="tearDown()[pri:0, instance:test.TC_Login@1e643faf]" name="tearDown" is-config="true" duration-ms="661" started-at="2023-05-12T06:03:03Z" finished-at="2023-05-12T06:03:03Z">
          <reporter-output>
          </reporter-output>
        </test-method> <!-- tearDown -->
      </class> <!-- test.TC_Login -->
    </test> <!-- D:/Work/AT19_MavenProject -->
  </suite> <!-- All Test Suite -->
</testng-results>
